Wed 01 Aug 2018 13:29:31 INFO FilledForm.py 25 11816 Success connect to rm-bp146ee7y1vi7b1v0do.mysql.rds.aliyuncs.com
Wed 01 Aug 2018 13:29:31 INFO FilledForm.py 74 11816 Success read form with ID=1657
Wed 01 Aug 2018 13:29:31 INFO FilledForm.py 74 11816 Success read form with ID=1658
Wed 01 Aug 2018 13:29:32 INFO FilledForm.py 74 11816 Success read form with ID=1659
Wed 01 Aug 2018 13:29:32 INFO FilledForm.py 74 11816 Success read form with ID=1660
Wed 01 Aug 2018 13:29:32 INFO FilledForm.py 74 11816 Success read form with ID=1661
Wed 01 Aug 2018 13:29:32 INFO main.py 43 11816 Failed to export form
Wed 01 Aug 2018 13:30:37 INFO FilledForm.py 25 1124 Success connect to rm-bp146ee7y1vi7b1v0do.mysql.rds.aliyuncs.com
Wed 01 Aug 2018 13:30:42 INFO FilledForm.py 74 1124 Success read form with ID=1657
Wed 01 Aug 2018 13:30:44 INFO FilledForm.py 74 1124 Success read form with ID=1658
Wed 01 Aug 2018 13:30:46 INFO FilledForm.py 74 1124 Success read form with ID=1659
Wed 01 Aug 2018 13:30:51 INFO FilledForm.py 74 1124 Success read form with ID=1660
Wed 01 Aug 2018 13:30:55 INFO FilledForm.py 74 1124 Success read form with ID=1661
Wed 01 Aug 2018 13:32:08 INFO FilledForm.py 25 6132 Success connect to rm-bp146ee7y1vi7b1v0do.mysql.rds.aliyuncs.com
Wed 01 Aug 2018 13:32:08 INFO FilledForm.py 74 6132 Success read form with ID=1657
Wed 01 Aug 2018 13:32:09 INFO FilledForm.py 74 6132 Success read form with ID=1658
Wed 01 Aug 2018 13:32:09 INFO FilledForm.py 74 6132 Success read form with ID=1659
Wed 01 Aug 2018 13:32:09 INFO FilledForm.py 74 6132 Success read form with ID=1660
Wed 01 Aug 2018 13:32:09 INFO FilledForm.py 74 6132 Success read form with ID=1661
Wed 01 Aug 2018 13:32:58 INFO FilledForm.py 25 2972 Success connect to rm-bp146ee7y1vi7b1v0do.mysql.rds.aliyuncs.com
Wed 01 Aug 2018 13:32:59 INFO FilledForm.py 74 2972 Success read form with ID=1657
Wed 01 Aug 2018 13:32:59 INFO FilledForm.py 74 2972 Success read form with ID=1658
Wed 01 Aug 2018 13:32:59 INFO FilledForm.py 74 2972 Success read form with ID=1659
Wed 01 Aug 2018 13:33:00 INFO FilledForm.py 74 2972 Success read form with ID=1660
Wed 01 Aug 2018 13:33:00 INFO FilledForm.py 74 2972 Success read form with ID=1661
Wed 01 Aug 2018 13:33:00 INFO main.py 43 2972 Failed to export form
Wed 01 Aug 2018 13:33:57 INFO FilledForm.py 25 13888 Success connect to rm-bp146ee7y1vi7b1v0do.mysql.rds.aliyuncs.com
Wed 01 Aug 2018 13:33:57 INFO FilledForm.py 74 13888 Success read form with ID=1657
Wed 01 Aug 2018 13:33:58 INFO FilledForm.py 74 13888 Success read form with ID=1658
Wed 01 Aug 2018 13:33:58 INFO FilledForm.py 74 13888 Success read form with ID=1659
Wed 01 Aug 2018 13:33:58 INFO FilledForm.py 74 13888 Success read form with ID=1660
Wed 01 Aug 2018 13:33:58 INFO FilledForm.py 74 13888 Success read form with ID=1661
Wed 01 Aug 2018 13:38:33 INFO FilledForm.py 25 13512 Success connect to rm-bp146ee7y1vi7b1v0do.mysql.rds.aliyuncs.com
Wed 01 Aug 2018 13:38:34 INFO FilledForm.py 74 13512 Success read form with ID=1657
Wed 01 Aug 2018 13:38:34 INFO FilledForm.py 74 13512 Success read form with ID=1658
Wed 01 Aug 2018 13:38:34 INFO FilledForm.py 74 13512 Success read form with ID=1659
Wed 01 Aug 2018 13:38:35 INFO FilledForm.py 74 13512 Success read form with ID=1660
Wed 01 Aug 2018 13:38:35 INFO FilledForm.py 74 13512 Success read form with ID=1661
Wed 01 Aug 2018 13:39:00 INFO FilledForm.py 25 5292 Success connect to rm-bp146ee7y1vi7b1v0do.mysql.rds.aliyuncs.com
Wed 01 Aug 2018 13:39:00 INFO FilledForm.py 74 5292 Success read form with ID=1657
Wed 01 Aug 2018 13:39:00 INFO FilledForm.py 74 5292 Success read form with ID=1658
Wed 01 Aug 2018 13:39:01 INFO FilledForm.py 74 5292 Success read form with ID=1659
Wed 01 Aug 2018 13:39:01 INFO FilledForm.py 74 5292 Success read form with ID=1660
Wed 01 Aug 2018 13:39:01 INFO FilledForm.py 74 5292 Success read form with ID=1661
Wed 01 Aug 2018 13:40:12 INFO FilledForm.py 25 13644 Success connect to rm-bp146ee7y1vi7b1v0do.mysql.rds.aliyuncs.com
Wed 01 Aug 2018 13:40:14 INFO FilledForm.py 74 13644 Success read form with ID=1657
Wed 01 Aug 2018 13:40:15 INFO FilledForm.py 74 13644 Success read form with ID=1658
Wed 01 Aug 2018 13:40:15 INFO FilledForm.py 74 13644 Success read form with ID=1659
Wed 01 Aug 2018 13:40:15 INFO FilledForm.py 74 13644 Success read form with ID=1660
Wed 01 Aug 2018 13:40:16 INFO FilledForm.py 74 13644 Success read form with ID=1661
Wed 01 Aug 2018 13:40:16 INFO FilledForm.py 142 13644 list index out of range in save_form
Wed 01 Aug 2018 13:40:16 INFO main.py 40 13644 Success export form to example.xls
Wed 01 Aug 2018 13:41:10 INFO FilledForm.py 25 13696 Success connect to rm-bp146ee7y1vi7b1v0do.mysql.rds.aliyuncs.com
Wed 01 Aug 2018 13:41:10 INFO FilledForm.py 74 13696 Success read form with ID=1657
Wed 01 Aug 2018 13:41:10 INFO FilledForm.py 74 13696 Success read form with ID=1658
Wed 01 Aug 2018 13:41:10 INFO FilledForm.py 74 13696 Success read form with ID=1659
Wed 01 Aug 2018 13:41:11 INFO FilledForm.py 74 13696 Success read form with ID=1660
Wed 01 Aug 2018 13:41:11 INFO FilledForm.py 74 13696 Success read form with ID=1661
Wed 01 Aug 2018 13:41:51 INFO FilledForm.py 25 10864 Success connect to rm-bp146ee7y1vi7b1v0do.mysql.rds.aliyuncs.com
Wed 01 Aug 2018 13:41:52 INFO FilledForm.py 74 10864 Success read form with ID=1657
Wed 01 Aug 2018 13:41:52 INFO FilledForm.py 74 10864 Success read form with ID=1658
Wed 01 Aug 2018 13:41:52 INFO FilledForm.py 74 10864 Success read form with ID=1659
Wed 01 Aug 2018 13:41:53 INFO FilledForm.py 74 10864 Success read form with ID=1660
Wed 01 Aug 2018 13:41:53 INFO FilledForm.py 74 10864 Success read form with ID=1661
Wed 01 Aug 2018 13:42:23 INFO FilledForm.py 25 11732 Success connect to rm-bp146ee7y1vi7b1v0do.mysql.rds.aliyuncs.com
Wed 01 Aug 2018 13:42:23 INFO FilledForm.py 74 11732 Success read form with ID=1657
Wed 01 Aug 2018 13:42:23 INFO FilledForm.py 74 11732 Success read form with ID=1658
Wed 01 Aug 2018 13:42:24 INFO FilledForm.py 74 11732 Success read form with ID=1659
Wed 01 Aug 2018 13:42:24 INFO FilledForm.py 74 11732 Success read form with ID=1660
Wed 01 Aug 2018 13:42:24 INFO FilledForm.py 74 11732 Success read form with ID=1661
Wed 01 Aug 2018 13:54:28 INFO FilledForm.py 25 13772 Success connect to rm-bp146ee7y1vi7b1v0do.mysql.rds.aliyuncs.com
Wed 01 Aug 2018 13:54:29 INFO FilledForm.py 74 13772 Success read form with ID=1657
Wed 01 Aug 2018 13:54:29 INFO FilledForm.py 74 13772 Success read form with ID=1658
Wed 01 Aug 2018 13:54:29 INFO FilledForm.py 74 13772 Success read form with ID=1659
Wed 01 Aug 2018 13:54:30 INFO FilledForm.py 74 13772 Success read form with ID=1660
Wed 01 Aug 2018 13:54:30 INFO FilledForm.py 74 13772 Success read form with ID=1661
Wed 01 Aug 2018 13:54:39 INFO FilledForm.py 25 736 Success connect to rm-bp146ee7y1vi7b1v0do.mysql.rds.aliyuncs.com
Wed 01 Aug 2018 13:54:39 INFO FilledForm.py 74 736 Success read form with ID=1657
Wed 01 Aug 2018 13:54:40 INFO FilledForm.py 74 736 Success read form with ID=1658
Wed 01 Aug 2018 13:54:40 INFO FilledForm.py 74 736 Success read form with ID=1659
Wed 01 Aug 2018 13:54:40 INFO FilledForm.py 74 736 Success read form with ID=1660
Wed 01 Aug 2018 13:54:41 INFO FilledForm.py 74 736 Success read form with ID=1661
Wed 01 Aug 2018 13:54:41 INFO FilledForm.py 140 736 Success export to example.xls
Wed 01 Aug 2018 13:54:41 INFO main.py 40 736 Success export form to example.xls
Wed 01 Aug 2018 14:35:02 INFO FilledForm.py 32 8892 Success connect to rm-bp146ee7y1vi7b1v0do.mysql.rds.aliyuncs.com
Wed 01 Aug 2018 14:35:03 INFO FilledForm.py 81 8892 Success read form with ID=1657
Wed 01 Aug 2018 14:35:03 INFO FilledForm.py 81 8892 Success read form with ID=1658
Wed 01 Aug 2018 14:35:03 INFO FilledForm.py 81 8892 Success read form with ID=1659
Wed 01 Aug 2018 14:35:04 INFO FilledForm.py 81 8892 Success read form with ID=1660
Wed 01 Aug 2018 14:35:04 INFO FilledForm.py 81 8892 Success read form with ID=1661
Wed 01 Aug 2018 14:35:35 INFO FilledForm.py 32 11044 Success connect to rm-bp146ee7y1vi7b1v0do.mysql.rds.aliyuncs.com
Wed 01 Aug 2018 14:35:35 INFO FilledForm.py 81 11044 Success read form with ID=1657
Wed 01 Aug 2018 14:35:35 INFO FilledForm.py 81 11044 Success read form with ID=1658
Wed 01 Aug 2018 14:35:35 INFO FilledForm.py 81 11044 Success read form with ID=1659
Wed 01 Aug 2018 14:35:36 INFO FilledForm.py 81 11044 Success read form with ID=1660
Wed 01 Aug 2018 14:35:36 INFO FilledForm.py 81 11044 Success read form with ID=1661
Wed 01 Aug 2018 14:36:36 INFO FilledForm.py 32 13356 Success connect to rm-bp146ee7y1vi7b1v0do.mysql.rds.aliyuncs.com
Wed 01 Aug 2018 14:36:37 INFO FilledForm.py 81 13356 Success read form with ID=1657
Wed 01 Aug 2018 14:36:37 INFO FilledForm.py 81 13356 Success read form with ID=1658
Wed 01 Aug 2018 14:36:37 INFO FilledForm.py 81 13356 Success read form with ID=1659
Wed 01 Aug 2018 14:36:38 INFO FilledForm.py 81 13356 Success read form with ID=1660
Wed 01 Aug 2018 14:36:38 INFO FilledForm.py 81 13356 Success read form with ID=1661
Wed 01 Aug 2018 14:37:07 INFO FilledForm.py 32 3324 Success connect to rm-bp146ee7y1vi7b1v0do.mysql.rds.aliyuncs.com
Wed 01 Aug 2018 14:37:07 INFO FilledForm.py 81 3324 Success read form with ID=1657
Wed 01 Aug 2018 14:37:07 INFO FilledForm.py 81 3324 Success read form with ID=1658
Wed 01 Aug 2018 14:37:08 INFO FilledForm.py 81 3324 Success read form with ID=1659
Wed 01 Aug 2018 14:37:08 INFO FilledForm.py 81 3324 Success read form with ID=1660
Wed 01 Aug 2018 14:37:08 INFO FilledForm.py 81 3324 Success read form with ID=1661
Wed 01 Aug 2018 14:37:30 INFO FilledForm.py 32 9804 Success connect to rm-bp146ee7y1vi7b1v0do.mysql.rds.aliyuncs.com
Wed 01 Aug 2018 14:37:31 INFO FilledForm.py 81 9804 Success read form with ID=1657
Wed 01 Aug 2018 14:37:31 INFO FilledForm.py 81 9804 Success read form with ID=1658
Wed 01 Aug 2018 14:37:31 INFO FilledForm.py 81 9804 Success read form with ID=1659
Wed 01 Aug 2018 14:37:32 INFO FilledForm.py 81 9804 Success read form with ID=1660
Wed 01 Aug 2018 14:37:32 INFO FilledForm.py 81 9804 Success read form with ID=1661
Wed 01 Aug 2018 14:45:58 INFO FilledForm.py 41 12224 Success connect to rm-bp146ee7y1vi7b1v0do.mysql.rds.aliyuncs.com
Wed 01 Aug 2018 14:45:58 INFO FilledForm.py 90 12224 Success read form with ID=1657
Wed 01 Aug 2018 14:45:58 INFO FilledForm.py 90 12224 Success read form with ID=1658
Wed 01 Aug 2018 14:45:59 INFO FilledForm.py 90 12224 Success read form with ID=1659
Wed 01 Aug 2018 14:45:59 INFO FilledForm.py 90 12224 Success read form with ID=1660
Wed 01 Aug 2018 14:45:59 INFO FilledForm.py 90 12224 Success read form with ID=1661
Wed 01 Aug 2018 14:46:43 INFO FilledForm.py 41 11480 Success connect to rm-bp146ee7y1vi7b1v0do.mysql.rds.aliyuncs.com
Wed 01 Aug 2018 14:46:43 INFO FilledForm.py 90 11480 Success read form with ID=1657
Wed 01 Aug 2018 14:46:44 INFO FilledForm.py 90 11480 Success read form with ID=1658
Wed 01 Aug 2018 14:46:44 INFO FilledForm.py 90 11480 Success read form with ID=1659
Wed 01 Aug 2018 14:46:44 INFO FilledForm.py 90 11480 Success read form with ID=1660
Wed 01 Aug 2018 14:46:44 INFO FilledForm.py 90 11480 Success read form with ID=1661
Wed 01 Aug 2018 14:46:57 INFO FilledForm.py 164 11480 Success export to example.xls
Wed 01 Aug 2018 14:46:57 INFO main.py 40 11480 Success export form to example.xls
